<?xml version="1.0" encoding="UTF-8"?>
<!-- Generated by org.testng.reporters.JUnitXMLReporter -->
<testsuite ignored="0" hostname="DESKTOP-I8GM6T8" failures="1" tests="1" name="Test" time="73.207" errors="0" timestamp="23 Sep 2022 17:32:51 GMT">
  <testcase classname="Testcases.LoginTc_001" name="LoginTest" time="8.505">
    <failure type="java.lang.NullPointerException" message="Cannot invoke &amp;quot;org.openqa.selenium.SearchContext.findElements(org.openqa.selenium.By)&amp;quot; because &amp;quot;this.searchContext&amp;quot; is null">
      <![CDATA[java.lang.NullPointerException: Cannot invoke "org.openqa.selenium.SearchContext.findElements(org.openqa.selenium.By)" because "this.searchContext" is null
at org.openqa.selenium.support.pagefactory.DefaultElementLocator.findElements(DefaultElementLocator.java:87)
at org.openqa.selenium.support.pagefactory.internal.LocatingElementListHandler.invoke(LocatingElementListHandler.java:37)
at jdk.proxy2/jdk.proxy2.$Proxy16.stream(Unknown Source)
at ObjectRepository.DashboardObjects.getProductByName(DashboardObjects.java:38)
at ObjectRepository.DashboardObjects.addProductToCart(DashboardObjects.java:44)
at Testcases.LoginTc_001.LoginTest(LoginTc_001.java:31)
... Removed 23 stack frames]]>
    </failure>
  </testcase> <!-- LoginTest -->
</testsuite> <!-- Test -->
